[2026-04-08T18:25:51.345Z] --- ACTIONS MODULE LOADED ---
[2026-04-08T18:25:51.578Z] --- ACTIONS MODULE LOADED ---
[2026-04-08T18:26:53.497Z] --- ACTIONS MODULE LOADED ---
[2026-04-08T18:26:53.498Z] --- START saveArticle ---
[2026-04-08T18:26:53.499Z] FIELDS: title=kjiuoo, slug=pppopo
[2026-04-08T18:26:53.499Z] IMAGE ATTEMPT: size=1659878
[2026-04-08T18:26:53.505Z] IMAGE SAVED: /uploads/1775672813504-1389644.jpg
[2026-04-08T18:26:53.584Z] DB ATTEMPT: Upserting...
[2026-04-08T18:26:55.237Z] DB SUCCESS
[2026-04-08T18:26:55.239Z] --- FINISH SUCCESS ---
[2026-04-08T18:29:27.721Z] --- ACTIONS MODULE LOADED ---
[2026-04-08T18:29:41.452Z] --- ACTIONS MODULE LOADED ---
[2026-04-08T18:30:06.709Z] --- ACTIONS MODULE LOADED ---
[2026-04-08T18:38:44.995Z] --- ACTIONS MODULE LOADED ---
[2026-04-08T19:02:32.895Z] --- ACTIONS MODULE LOADED ---
[2026-04-08T19:02:56.273Z] --- ACTIONS MODULE LOADED ---
[2026-04-08T19:18:32.088Z] --- ACTIONS MODULE LOADED ---
[2026-04-08T19:41:03.777Z] --- ACTIONS MODULE LOADED ---
[2026-04-08T19:54:57.315Z] --- ACTIONS MODULE LOADED ---
[2026-04-08T20:03:55.056Z] --- ACTIONS MODULE LOADED ---
[2026-04-08T20:04:35.618Z] --- ACTIONS MODULE LOADED ---
[2026-04-08T20:04:37.118Z] --- ACTIONS MODULE LOADED ---
[2026-04-08T20:05:25.511Z] --- ACTIONS MODULE LOADED ---
[2026-04-08T20:11:21.289Z] --- ACTIONS MODULE LOADED ---
[2026-04-08T20:17:03.235Z] --- ACTIONS MODULE LOADED ---
